\BOOKMARK [0][]{anchor_cover.0}{\376\377\134\001\227\142}{}% 1
\BOOKMARK [0][]{anchor_cntitle.0}{\376\377\116\055\145\207\230\230\124\015\230\165}{}% 2
\BOOKMARK [0][]{anchor_entitle.0}{\376\377\202\361\145\207\230\230\124\015\230\165}{}% 3
\BOOKMARK [0][]{anchor_os.0}{\376\377\162\354\122\033\140\047\130\360\146\016}{}% 4
\BOOKMARK [0][]{section*.1}{\376\377\144\130\211\201}{}% 5
\BOOKMARK [0][]{section*.2}{\376\377\000A\000b\000s\000t\000r\000a\000c\000t}{}% 6
\BOOKMARK [0][]{section*.4}{\376\377\126\376\166\356\137\125}{}% 7
\BOOKMARK [0][]{section*.5}{\376\377\210\150\166\356\137\125}{}% 8
\BOOKMARK [0][]{chapter.1}{\376\377\173\054\0001\172\340\000\040\176\352\213\272}{}% 9
\BOOKMARK [1][]{section.1.1}{\376\377\0001\000.\0001\000\040\213\376\230\230\200\314\146\157\116\016\170\024\172\166\141\017\116\111}{chapter.1}% 10
\BOOKMARK [1][]{section.1.2}{\376\377\0001\000.\0002\000\040\166\370\121\163\170\024\172\166\135\345\117\134}{chapter.1}% 11
\BOOKMARK [2][]{subsection.1.2.1}{\376\377\0001\000.\0002\000.\0001\000\040\127\372\116\216\165\037\142\020\133\371\142\227\152\041\127\213\166\204\145\160\133\127\116\272\165\037\142\020\142\200\147\057}{section.1.2}% 12
\BOOKMARK [2][]{subsection.1.2.2}{\376\377\0001\000.\0002\000.\0002\000\040\127\372\116\216\142\151\145\143\152\041\127\213\166\204\145\160\133\127\116\272\165\037\142\020\142\200\147\057}{section.1.2}% 13
\BOOKMARK [2][]{subsection.1.2.3}{\376\377\0001\000.\0002\000.\0003\000\040\127\372\116\216\171\136\176\317\217\220\134\004\127\072\166\204\145\160\133\127\116\272\165\037\142\020\142\200\147\057}{section.1.2}% 14
\BOOKMARK [2][]{subsection.1.2.4}{\376\377\0001\000.\0002\000.\0004\000\040\127\372\116\216\116\011\176\364\232\330\145\257\166\204\145\160\133\127\116\272\165\037\142\020\142\200\147\057}{section.1.2}% 15
\BOOKMARK [2][]{subsection.1.2.5}{\376\377\0001\000.\0002\000.\0005\000\040\121\166\116\326\165\037\142\020\137\017\145\160\133\127\116\272\142\200\147\057}{section.1.2}% 16
\BOOKMARK [2][]{subsection.1.2.6}{\376\377\0001\000.\0002\000.\0006\000\040\145\160\133\127\116\272\145\160\143\156\210\150\171\072}{section.1.2}% 17
\BOOKMARK [1][]{section.1.3}{\376\377\0001\000.\0003\000\040\147\054\145\207\116\073\211\201\135\345\117\134}{chapter.1}% 18
\BOOKMARK [1][]{section.1.4}{\376\377\0001\000.\0004\000\040\147\054\145\207\172\340\202\202\133\211\143\222}{chapter.1}% 19
\BOOKMARK [0][]{chapter.2}{\376\377\173\054\0002\172\340\000\040\165\037\142\020\137\017\145\160\133\127\116\272\116\055\166\204\131\032\176\364\136\246\162\171\137\201\207\215\124\010\140\073\117\123\145\271\150\110}{}% 20
\BOOKMARK [1][]{section.2.1}{\376\377\0002\000.\0001\000\040\225\356\230\230\143\317\217\360}{chapter.2}% 21
\BOOKMARK [1][]{section.2.2}{\376\377\0002\000.\0002\000\040\145\160\133\127\116\272\131\032\176\364\136\246\162\171\137\201\207\215\124\010\140\073\117\123\145\271\150\110}{chapter.2}% 22
\BOOKMARK [1][]{section.2.3}{\376\377\0002\000.\0003\000\040\227\142\124\021\131\032\176\364\136\246\162\171\137\201\207\215\124\010\166\204\127\372\121\306\145\160\143\156\226\306\147\204\136\372}{chapter.2}% 23
\BOOKMARK [2][]{subsection.2.3.1}{\376\377\0002\000.\0003\000.\0001\000\040\145\160\143\156\201\352\122\250\123\026\156\005\155\027\124\214\122\006\122\162\135\345\121\167}{section.2.3}% 24
\BOOKMARK [2][]{subsection.2.3.2}{\376\377\0002\000.\0003\000.\0002\000\040\121\150\216\253\121\163\225\056\160\271\150\300\155\113\135\345\121\167}{section.2.3}% 25
\BOOKMARK [2][]{subsection.2.3.3}{\376\377\0002\000.\0003\000.\0003\000\040\116\272\162\151\122\115\146\157\122\006\122\162\135\345\121\167}{section.2.3}% 26
\BOOKMARK [2][]{subsection.2.3.4}{\376\377\0002\000.\0003\000.\0004\000\040\116\272\117\123\121\110\232\214\152\041\127\213\142\337\124\010\135\345\121\167}{section.2.3}% 27
\BOOKMARK [2][]{subsection.2.3.5}{\376\377\0002\000.\0003\000.\0005\000\040\131\032\176\364\136\246\124\010\142\020\145\160\143\156\165\037\142\020\135\345\121\167}{section.2.3}% 28
\BOOKMARK [2][]{subsection.2.3.6}{\376\377\0002\000.\0003\000.\0006\000\040\127\372\121\306\145\160\143\156\226\306\116\313\176\315}{section.2.3}% 29
\BOOKMARK [1][]{section.2.4}{\376\377\0002\000.\0004\000\040\145\160\133\127\116\272\152\041\127\213\215\050\221\317\213\304\117\060}{chapter.2}% 30
\BOOKMARK [2][]{subsection.2.4.1}{\376\377\0002\000.\0004\000.\0001\000\040\120\317\175\040\215\050\221\317}{section.2.4}% 31
\BOOKMARK [2][]{subsection.2.4.2}{\376\377\0002\000.\0004\000.\0002\000\040\141\037\167\345\215\050\221\317}{section.2.4}% 32
\BOOKMARK [1][]{section.2.5}{\376\377\0002\000.\0005\000\040\147\054\172\340\134\017\176\323}{chapter.2}% 33
\BOOKMARK [0][]{chapter.3}{\376\377\173\054\0003\172\340\000\040\121\150\134\100\116\272\117\123\162\171\137\201\124\214\134\100\220\350\117\115\177\156\162\171\137\201\166\204\207\215\124\010\130\236\137\072\145\271\154\325}{}% 34
\BOOKMARK [1][]{section.3.1}{\376\377\0003\000.\0001\000\040\151\202\217\360}{chapter.3}% 35
\BOOKMARK [1][]{section.3.2}{\376\377\0003\000.\0002\000\040\127\372\116\216\133\371\142\227\165\037\142\020\166\204\116\073\136\162\177\121\176\334\152\041\127\213}{chapter.3}% 36
\BOOKMARK [2][]{subsection.3.2.1}{\376\377\0003\000.\0002\000.\0001\000\040\145\366\136\217\146\040\134\004\177\121\176\334\124\214\145\366\136\217\177\026\170\001}{section.3.2}% 37
\BOOKMARK [2][]{subsection.3.2.2}{\376\377\0003\000.\0002\000.\0002\000\040\165\037\142\020\126\150\152\041\127\213\176\323\147\204}{section.3.2}% 38
\BOOKMARK [2][]{subsection.3.2.3}{\376\377\0003\000.\0002\000.\0003\000\040\122\044\122\053\126\150\176\323\147\204}{section.3.2}% 39
\BOOKMARK [2][]{subsection.3.2.4}{\376\377\0003\000.\0002\000.\0004\000\040\152\041\127\213\143\137\131\061\121\375\145\160}{section.3.2}% 40
\BOOKMARK [1][]{section.3.3}{\376\377\0003\000.\0003\000\040\134\100\220\350\162\171\137\201\207\215\124\010\130\236\137\072}{chapter.3}% 41
\BOOKMARK [1][]{section.3.4}{\376\377\0003\000.\0004\000\040\127\372\116\216\230\204\213\255\176\303\131\047\152\041\127\213\166\204\116\272\117\123\121\150\134\100\162\171\137\201\207\215\124\010}{chapter.3}% 42
\BOOKMARK [1][]{section.3.5}{\376\377\0003\000.\0005\000\040\152\041\127\213\155\113\213\304\116\016\133\236\232\214\122\006\147\220}{chapter.3}% 43
\BOOKMARK [2][]{subsection.3.5.1}{\376\377\0003\000.\0005\000.\0001\000\040\133\236\232\214\166\356\150\007\116\016\221\115\177\156}{section.3.5}% 44
\BOOKMARK [2][]{subsection.3.5.2}{\376\377\0003\000.\0005\000.\0002\000\040\152\041\127\213\176\323\147\204\116\016\123\302\145\160\155\210\207\215\133\236\232\214}{section.3.5}% 45
\BOOKMARK [2][]{subsection.3.5.3}{\376\377\0003\000.\0005\000.\0003\000\040\131\032\127\072\146\157\152\041\127\213\140\047\200\375\155\113\213\304}{section.3.5}% 46
\BOOKMARK [1][]{section.3.6}{\376\377\0003\000.\0006\000\040\147\054\172\340\134\017\176\323}{chapter.3}% 47
\BOOKMARK [0][]{chapter.4}{\376\377\173\054\0004\172\340\000\040\136\047\225\364\217\336\176\355\140\047\116\016\154\325\176\277\134\136\140\047\207\215\124\010\166\204\145\366\136\217\116\000\201\364\140\047\145\071\217\333}{}% 48
\BOOKMARK [1][]{section.4.1}{\376\377\0004\000.\0001\000\040\151\202\217\360}{chapter.4}% 49
\BOOKMARK [2][]{subsection.4.1.1}{\376\377\0004\000.\0001\000.\0001\000\040\127\372\116\216\136\047\225\364\217\336\176\355\162\171\137\201\166\204\145\366\136\217\116\000\201\364\145\071\217\333}{section.4.1}% 50
\BOOKMARK [2][]{subsection.4.1.2}{\376\377\0004\000.\0001\000.\0002\000\040\135\114\121\145\154\325\176\277\162\171\137\201\166\204\131\032\176\364\136\246\207\215\124\010}{section.4.1}% 51
\BOOKMARK [1][]{section.4.2}{\376\377\0004\000.\0002\000\040\127\372\116\216\116\011\176\364\122\006\176\304\123\167\171\357\166\204\136\047\225\364\217\336\176\355\162\171\137\201\207\215\124\010\145\271\154\325}{chapter.4}% 52
\BOOKMARK [1][]{section.4.3}{\376\377\0004\000.\0003\000\040\127\372\116\216\131\032\116\373\122\241\133\146\116\140\166\204\154\325\176\277\162\171\137\201\207\215\124\010\145\271\154\325}{chapter.4}% 53
\BOOKMARK [1][]{section.4.4}{\376\377\0004\000.\0004\000\040\152\041\127\213\155\113\213\304\116\016\133\236\232\214\122\006\147\220}{chapter.4}% 54
\BOOKMARK [2][]{subsection.4.4.1}{\376\377\0004\000.\0004\000.\0001\000\040\133\236\232\214\166\356\150\007\116\016\221\115\177\156}{section.4.4}% 55
\BOOKMARK [2][]{subsection.4.4.2}{\376\377\0004\000.\0004\000.\0002\000\040\152\041\127\213\176\323\147\204\155\210\207\215\133\236\232\214}{section.4.4}% 56
\BOOKMARK [2][]{subsection.4.4.3}{\376\377\0004\000.\0004\000.\0003\000\040\127\372\116\216\225\355\163\257\150\300\155\113\166\204\152\041\127\213\145\366\136\217\116\000\201\364\140\047\155\113\213\304}{section.4.4}% 57
\BOOKMARK [2][]{subsection.4.4.4}{\376\377\0004\000.\0004\000.\0004\000\040\152\041\127\213\140\047\200\375\155\113\213\304}{section.4.4}% 58
\BOOKMARK [1][]{section.4.5}{\376\377\0004\000.\0005\000\040\147\054\172\340\134\017\176\323}{chapter.4}% 59
\BOOKMARK [0][]{chapter.5}{\376\377\173\054\0005\172\340\000\040\165\037\142\020\137\017\145\160\133\127\116\272\136\224\165\050\150\110\117\213}{}% 60
\BOOKMARK [1][]{section.5.1}{\376\377\0005\000.\0001\000\040\131\032\176\364\136\246\162\171\137\201\207\215\124\010\166\204\165\037\142\020\137\017\145\160\133\127\116\272\143\250\164\006\155\101\172\013}{chapter.5}% 61
\BOOKMARK [1][]{section.5.2}{\376\377\0005\000.\0002\000\040\133\242\147\015\145\160\133\127\116\272}{chapter.5}% 62
\BOOKMARK [2][]{subsection.5.2.1}{\376\377\0005\000.\0002\000.\0001\000\040\142\200\147\057\147\266\147\204}{section.5.2}% 63
\BOOKMARK [2][]{subsection.5.2.2}{\376\377\0005\000.\0002\000.\0002\000\040\116\244\116\222\155\101\172\013}{section.5.2}% 64
\BOOKMARK [1][]{section.5.3}{\376\377\0005\000.\0003\000\040\202\202\166\356\122\066\117\134\145\160\133\127\116\272}{chapter.5}% 65
\BOOKMARK [2][]{subsection.5.3.1}{\376\377\0005\000.\0003\000.\0001\000\040\142\200\147\057\147\266\147\204}{section.5.3}% 66
\BOOKMARK [2][]{subsection.5.3.2}{\376\377\0005\000.\0003\000.\0002\000\040\116\244\116\222\155\101\172\013}{section.5.3}% 67
\BOOKMARK [1][]{section.5.4}{\376\377\0005\000.\0004\000\040\136\224\165\050\155\113\213\325\116\016\117\030\123\026}{chapter.5}% 68
\BOOKMARK [2][]{subsection.5.4.1}{\376\377\0005\000.\0004\000.\0001\000\040\155\113\213\325\217\157\170\154\116\366\163\257\130\203}{section.5.4}% 69
\BOOKMARK [2][]{subsection.5.4.2}{\376\377\0005\000.\0004\000.\0002\000\040\140\047\200\375\155\113\213\325\116\016\117\030\123\026}{section.5.4}% 70
\BOOKMARK [1][]{section.5.5}{\376\377\0005\000.\0005\000\040\147\054\172\340\134\017\176\323}{chapter.5}% 71
\BOOKMARK [0][]{chapter.6}{\376\377\173\054\0006\172\340\000\040\140\073\176\323\116\016\134\125\147\033}{}% 72
\BOOKMARK [1][]{section.6.1}{\376\377\0006\000.\0001\000\040\142\200\147\057\140\073\176\323}{chapter.6}% 73
\BOOKMARK [1][]{section.6.2}{\376\377\0006\000.\0002\000\040\147\052\147\145\135\345\117\134\134\125\147\033}{chapter.6}% 74
\BOOKMARK [0][]{section*.72}{\376\377\117\134\200\005\173\200\123\206}{}% 75
\BOOKMARK [0][]{section*.73}{\376\377\201\364\214\042}{}% 76
